           ###########################################################
           #                 KOMODO Version: 0.2                     #
           #           OPEN NUCLEAR REACTOR SIMULATOR                #
           ###########################################################


  =============================INPUT DATA STARTS HERE===========================
     1: ! CRITICAL BORON CONCENTRATION SEARCH CALCULATION                                                                                                                                                       
     2: ! FOR PWR NEACRP BENCHMARK                                                                                                                                                                              
     3: %MODE                                                                                                                                                                                                   
     4: BCSEARCH                                                                                                                                                                                                
     5:                                                                                                                                                                                                         
     6: ! CASE CARD                                                                                                                                                                                             
     7: %CASE                                                                                                                                                                                                   
     8: NEACRP Critical Boron Concentration Search - Case A1                                                                                                                                                    
     9: 10.803 CM NODE SIZE                                                                                                                                                                                     
    10:                                                                                                                                                                                                         
    11: ! XSEC CARD                                                                                                                                                                                             
    12: %XSEC                                                                                                                                                                                                   
    13: FILE /home/travis/build/imronuke/KOMODO/smpl/static/NEACRP/neacrp_xsec                                                                                                                                  
    14:                                                                                                                                                                                                         
    15: ! GEOMETRY CARD                                                                                                                                                                                         
    16: %GEOM                                                                                                                                                                                                   
    17: FILE /home/travis/build/imronuke/KOMODO/smpl/static/NEACRP/neacrp_geom                                                                                                                                  
    18:                                                                                                                                                                                                         
    19: ! CRITICAL BORON SEARCH CARD                                                                                                                                                                            
    20: %CBCS                                                                                                                                                                                                   
    21: FILE /home/travis/build/imronuke/KOMODO/smpl/static/NEACRP/neacrp_cbcs                                                                                                                                  
    22:                                                                                                                                                                                                         
    23: ! FUEL TEMPERATURE CARD                                                                                                                                                                                 
    24: %FTEM                                                                                                                                                                                                   
    25: FILE /home/travis/build/imronuke/KOMODO/smpl/static/NEACRP/neacrp_ftem                                                                                                                                  
    26:                                                                                                                                                                                                         
    27: ! MODERATOR TEMPERATURE CARD                                                                                                                                                                            
    28: %MTEM                                                                                                                                                                                                   
    29: FILE /home/travis/build/imronuke/KOMODO/smpl/static/NEACRP/neacrp_mtem                                                                                                                                  
    30:                                                                                                                                                                                                         
    31: ! COOLANT DENSITY CARD                                                                                                                                                                                  
    32: %CDEN                                                                                                                                                                                                   
    33: FILE /home/travis/build/imronuke/KOMODO/smpl/static/NEACRP/neacrp_cden                                                                                                                                  
    34:                                                                                                                                                                                                         
    35: ! CONTROL ROD CARD                                                                                                                                                                                      
    36: %CROD                                                                                                                                                                                                   
    37: 7    228                     ! Number of CR banks and max number of banks                                                                                                                               
    38: 37.7 1.5942237                ! Zero step pos. (cm) and cm/step (total 228 steps)                                                                                                                       
    39: 0.   0.  0.  228.   0.   0.  0.           ! CR Bank pos.                                                                                                                                                
    40:  1  0  2  0  0  0  3  0  0                                                                                                                                                                              
    41:  0  4  0  0  0  6  0  0  0                                                                                                                                                                              
    42:  2  0  5  0  6  0  6  0  0                                                                                                                                                                              
    43:  0  0  0  4  0  0  0  0  0                                                                                                                                                                              
    44:  0  0  6  0  7  0  0  0  0                                                                                                                                                                              
    45:  0  6  0  0  0  0  0  0  0                                                                                                                                                                              
    46:  3  0  6  0  0  0  0  0  0                                                                                                                                                                              
    47:  0  0  0  0  0  0  0  0  0                                                                                                                                                                              
    48:  0  0  0  0  0  0  0  0  0                                                                                                                                                                              
    49: ! CX changes                                                                                                                                                                                            
    50: !  sigtr        siga        nu*sigf        kappa*sigf      sigs_g1   sigs_g2                                                                                                                            
    51:  3.73220E-03  2.47770E-03  -1.02786E-04  -1.21448E-15  0.0  -3.19253E-03                                                                                                                                
    52: -2.19926E-02  2.55875E-02  -2.82319E-03  -3.70238E-14  0.0   0.00000E+00    !COMP 1                                                                                                                     
    53:  3.73220E-03  2.47770E-03  -1.02786E-04  -1.21448E-15  0.0  -3.19253E-03                                                                                                                                
    54: -2.19926E-02  2.55875E-02  -2.82319E-03  -3.70238E-14  0.0   0.00000E+00    !COMP 2                                                                                                                     
    55:  3.73220E-03  2.47770E-03  -1.02786E-04  -1.21448E-15  0.0  -3.19253E-03                                                                                                                                
    56: -2.19926E-02  2.55875E-02  -2.82319E-03  -3.70238E-14  0.0   0.00000E+00    !COMP 3                                                                                                                     
    57:  3.73220E-03  2.47770E-03  -1.02786E-04  -1.21448E-15  0.0  -3.19253E-03                                                                                                                                
    58: -2.19926E-02  2.55875E-02  -2.82319E-03  -3.70238E-14  0.0   0.00000E+00    !COMP 4                                                                                                                     
    59:  3.73220E-03  2.47770E-03  -1.02786E-04  -1.21448E-15  0.0  -3.19253E-03                                                                                                                                
    60: -2.19926E-02  2.55875E-02  -2.82319E-03  -3.70238E-14  0.0   0.00000E+00    !COMP 5                                                                                                                     
    61:  3.74092E-03  2.42926E-03  -1.22634E-04  -1.47557E-15  0.0  -3.14239E-03                                                                                                                                
    62: -1.67503E-02  2.56478E-02  -3.28086E-03  -4.30444E-14  0.0   0.00000E+00    !COMP 6                                                                                                                     
    63:  3.73220E-03  2.47770E-03  -1.02786E-04  -1.21448E-15  0.0  -3.19253E-03                                                                                                                                
    64: -2.19926E-02  2.55875E-02  -2.82319E-03  -3.70238E-14  0.0   0.00000E+00    !COMP 7                                                                                                                     
    65:  3.73220E-03  2.47770E-03  -1.02786E-04  -1.21448E-15  0.0  -3.19253E-03                                                                                                                                
    66: -2.19926E-02  2.55875E-02  -2.82319E-03  -3.70238E-14  0.0   0.00000E+00    !COMP 8                                                                                                                     
    67:  3.73220E-03  2.47770E-03  -1.02786E-04  -1.21448E-15  0.0  -3.19253E-03                                                                                                                                
    68: -2.19926E-02  2.55875E-02  -2.82319E-03  -3.70238E-14  0.0   0.00000E+00    !COMP 9                                                                                                                     
    69:  3.73220E-03  2.47770E-03  -1.02786E-04  -1.21448E-15  0.0  -3.19253E-03                                                                                                                                
    70: -2.19926E-02  2.55875E-02  -2.82319E-03  -3.70238E-14  0.0   0.00000E+00    !COMP 10                                                                                                                    
    71:  3.73220E-03  2.47770E-03  -1.02786E-04  -1.21448E-15  0.0  -3.19253E-03                                                                                                                                
    72: -2.19926E-02  2.55875E-02  -2.82319E-03  -3.70238E-14  0.0   0.00000E+00    !COMP 11                                                                                                                    
    73: 1                                                                                                                                                                                                       
    74:                                                                                                                                                                                                         
    75: ! THERMAL-HYDRAULIC CARD                                                                                                                                                                                
    76: %THER                                                                                                                                                                                                   
    77: 0.0001                                 ! Percent power in %                                                                                                                                             
    78: 693.75e6                               ! Reactor thermal power for quarter geometry in Watt                                                                                                             
    79: 559.15  82.12102                       ! Inlet coolant temp. (Kelvin) and Fuel Assembly Mass flow rate (kg/s)                                                                                           
    80: 4.11950E-03  6.8E-05  5.71E-04  1.2655E-2 ! Fuel meat rad., gap thickness, cladding thickness and pin pitch (m)                                                                                         
    81: 264  25                                ! Number of fuel pin and guide tubes                                                                                                                             
    82: 0.019                                  ! FRACTION OF HEAT DEPOSITED IN COOLANT                                                                                                                          
    83: 1                                                                                                                                                                                                       
  =============================INPUT DATA   ENDS HERE===========================

