           ###########################################################
           #                 KOMODO Version: 0.2                     #
           #           OPEN NUCLEAR REACTOR SIMULATOR                #
           ###########################################################


  =============================INPUT DATA STARTS HERE===========================
     1: ! CRITICAL BORON CONCENTRATION SEARCH CALCULATION                                                                                                                                                       
     2: ! FOR PWR NEACRP BENCHMARK                                                                                                                                                                              
     3: %MODE                                                                                                                                                                                                   
     4: BCSEARCH                                                                                                                                                                                                
     5:                                                                                                                                                                                                         
     6: ! CASE CARD                                                                                                                                                                                             
     7: %CASE                                                                                                                                                                                                   
     8: NEACRP Critical Boron Concentration Search - Case B1                                                                                                                                                    
     9: 10.803 CM NODE SIZE                                                                                                                                                                                     
    10:                                                                                                                                                                                                         
    11: %ITER                                                                                                                                                                                                   
    12: 500 2 1.e-5 1.e-5 5 20 20 40                                                                                                                                                                            
    13:                                                                                                                                                                                                         
    14: ! XSEC CARD                                                                                                                                                                                             
    15: %XSEC                                                                                                                                                                                                   
    16: FILE /home/imronuke/KOMODO/smpl/static/NEACRP/neacrp_xsec                                                                                                                                               
    17:                                                                                                                                                                                                         
    18: ! GEOMETRY CARD                                                                                                                                                                                         
    19: %GEOM                                                                                                                                                                                                   
    20: FILE /home/imronuke/KOMODO/smpl/static/NEACRP/neacrp_geom                                                                                                                                               
    21:                                                                                                                                                                                                         
    22: ! CRITICAL BORON SEARCH CARD                                                                                                                                                                            
    23: %CBCS                                                                                                                                                                                                   
    24: FILE /home/imronuke/KOMODO/smpl/static/NEACRP/neacrp_cbcs                                                                                                                                               
    25:                                                                                                                                                                                                         
    26: ! FUEL TEMPERATURE CARD                                                                                                                                                                                 
    27: %FTEM                                                                                                                                                                                                   
    28: FILE /home/imronuke/KOMODO/smpl/static/NEACRP/neacrp_ftem                                                                                                                                               
    29:                                                                                                                                                                                                         
    30: ! MODERATOR TEMPERATURE CARD                                                                                                                                                                            
    31: %MTEM                                                                                                                                                                                                   
    32: FILE /home/imronuke/KOMODO/smpl/static/NEACRP/neacrp_mtem                                                                                                                                               
    33:                                                                                                                                                                                                         
    34: ! COOLANT DENSITY CARD                                                                                                                                                                                  
    35: %CDEN                                                                                                                                                                                                   
    36: FILE /home/imronuke/KOMODO/smpl/static/NEACRP/neacrp_cden                                                                                                                                               
    37:                                                                                                                                                                                                         
    38: ! CONTROL CARD                                                                                                                                                                                          
    39: %CROD                                                                                                                                                                                                   
    40: 7  228                        ! Number of CR banks and max number of banks                                                                                                                              
    41: 37.7 1.5942237                ! Zero step pos. (cm) and cm/step (total 228 steps)                                                                                                                       
    42: 0.   228.  0.  228.   0.   228.  228.           ! CR Bank pos.                                                                                                                                          
    43:  1  0  2  0  0  0  3  0  0                                                                                                                                                                              
    44:  0  4  0  0  0  6  0  0  0                                                                                                                                                                              
    45:  2  0  5  0  6  0  6  0  0                                                                                                                                                                              
    46:  0  0  0  4  0  0  0  0  0                                                                                                                                                                              
    47:  0  0  6  0  7  0  0  0  0                                                                                                                                                                              
    48:  0  6  0  0  0  0  0  0  0                                                                                                                                                                              
    49:  3  0  6  0  0  0  0  0  0                                                                                                                                                                              
    50:  0  0  0  0  0  0  0  0  0                                                                                                                                                                              
    51:  0  0  0  0  0  0  0  0  0                                                                                                                                                                              
    52: ! CX changes                                                                                                                                                                                            
    53: !  sigtr        siga        nu*sigf        kappa*sigf      sigs_g1   sigs_g2                                                                                                                            
    54:  3.73220E-03  2.47770E-03  -1.02786E-04  -1.21448E-15  0.0  -3.19253E-03                                                                                                                                
    55: -2.19926E-02  2.55875E-02  -2.82319E-03  -3.70238E-14  0.0   0.00000E+00    !COMP 1                                                                                                                     
    56:  3.73220E-03  2.47770E-03  -1.02786E-04  -1.21448E-15  0.0  -3.19253E-03                                                                                                                                
    57: -2.19926E-02  2.55875E-02  -2.82319E-03  -3.70238E-14  0.0   0.00000E+00    !COMP 2                                                                                                                     
    58:  3.73220E-03  2.47770E-03  -1.02786E-04  -1.21448E-15  0.0  -3.19253E-03                                                                                                                                
    59: -2.19926E-02  2.55875E-02  -2.82319E-03  -3.70238E-14  0.0   0.00000E+00    !COMP 3                                                                                                                     
    60:  3.73220E-03  2.47770E-03  -1.02786E-04  -1.21448E-15  0.0  -3.19253E-03                                                                                                                                
    61: -2.19926E-02  2.55875E-02  -2.82319E-03  -3.70238E-14  0.0   0.00000E+00    !COMP 4                                                                                                                     
    62:  3.73220E-03  2.47770E-03  -1.02786E-04  -1.21448E-15  0.0  -3.19253E-03                                                                                                                                
    63: -2.19926E-02  2.55875E-02  -2.82319E-03  -3.70238E-14  0.0   0.00000E+00    !COMP 5                                                                                                                     
    64:  3.74092E-03  2.42926E-03  -1.22634E-04  -1.47557E-15  0.0  -3.14239E-03                                                                                                                                
    65: -1.67503E-02  2.56478E-02  -3.28086E-03  -4.30444E-14  0.0   0.00000E+00    !COMP 6                                                                                                                     
    66:  3.73220E-03  2.47770E-03  -1.02786E-04  -1.21448E-15  0.0  -3.19253E-03                                                                                                                                
    67: -2.19926E-02  2.55875E-02  -2.82319E-03  -3.70238E-14  0.0   0.00000E+00    !COMP 7                                                                                                                     
    68:  3.73220E-03  2.47770E-03  -1.02786E-04  -1.21448E-15  0.0  -3.19253E-03                                                                                                                                
    69: -2.19926E-02  2.55875E-02  -2.82319E-03  -3.70238E-14  0.0   0.00000E+00    !COMP 8                                                                                                                     
    70:  3.73220E-03  2.47770E-03  -1.02786E-04  -1.21448E-15  0.0  -3.19253E-03                                                                                                                                
    71: -2.19926E-02  2.55875E-02  -2.82319E-03  -3.70238E-14  0.0   0.00000E+00    !COMP 9                                                                                                                     
    72:  3.73220E-03  2.47770E-03  -1.02786E-04  -1.21448E-15  0.0  -3.19253E-03                                                                                                                                
    73: -2.19926E-02  2.55875E-02  -2.82319E-03  -3.70238E-14  0.0   0.00000E+00    !COMP 10                                                                                                                    
    74:  3.73220E-03  2.47770E-03  -1.02786E-04  -1.21448E-15  0.0  -3.19253E-03                                                                                                                                
    75: -2.19926E-02  2.55875E-02  -2.82319E-03  -3.70238E-14  0.0   0.00000E+00    !COMP 11                                                                                                                    
    76: 1                                                                                                                                                                                                       
    77:                                                                                                                                                                                                         
    78: ! THERMAL-HYDRAULIC CARD                                                                                                                                                                                
    79: %THER                                                                                                                                                                                                   
    80: 0.0001                                 ! Percent power in %                                                                                                                                             
    81: 693.75e6                               ! Reactor thermal power for quarter geometry in Watt                                                                                                             
    82: 559.15  82.12102                       ! Inlet coolant temp. (Kelvin) and Fuel Assembly Mass flow rate (kg/s)                                                                                           
    83: 4.11950E-03  6.8E-05  5.71E-04  1.2655E-2 ! Fuel meat rad., gap thickness, cladding thickness and pin pitch (m)                                                                                         
    84: 264  25                                ! Number of fuel pin and guide tubes                                                                                                                             
    85: 0.019                                  ! FRACTION OF HEAT DEPOSITED IN COOLANT                                                                                                                          
    86: 1                                                                                                                                                                                                       
  =============================INPUT DATA   ENDS HERE===========================



                              START READING INPUT
  ******************************************************************************
  CALCULATION MODE : CRITICAL BORON CONCENTRATION SEARCH WITH T-H FEEDBACK       

  CASE ID : NEACRP Critical Boron Concentration Search - Case B1                                                
  10.803 CM NODE SIZE                                                                                 


            >>>> READING MACROSCOPIC CROSS SECTIONS <<<<
            --------------------------------------------

     MATERIAL  1
    GROUP   TRANSPORT  DIFFUSION  ABSORPTION  REMOVAL    NU*FISS    KAP*FIS   FISS. SPCTR
       1     0.053206  6.264981   0.000373    0.026829   0.000000   0.000000  1.000000
       2     0.386406  0.862651   0.017722    0.017722   0.000000   0.000000  0.000000
   --SCATTERING MATRIX--
     G/G'          1          2
      1        0.000000    0.026455
      2        0.000000    0.000000

     MATERIAL  2
    GROUP   TRANSPORT  DIFFUSION  ABSORPTION  REMOVAL    NU*FISS    KAP*FIS   FISS. SPCTR
       1     0.295609  1.127616   0.001188    0.024349   0.000000   0.000000  1.000000
       2     2.459310  0.135539   0.252618    0.252618   0.000000   0.000000  0.000000
   --SCATTERING MATRIX--
     G/G'          1          2
      1        0.000000    0.023161
      2        0.000000    0.000000

     MATERIAL  3
    GROUP   TRANSPORT  DIFFUSION  ABSORPTION  REMOVAL    NU*FISS    KAP*FIS   FISS. SPCTR
       1     0.295609  1.127616   0.001188    0.021269   0.000000   0.000000  1.000000
       2     2.459310  0.135539   0.252618    0.252618   0.000000   0.000000  0.000000
   --SCATTERING MATRIX--
     G/G'          1          2
      1        0.000000    0.020081
      2        0.000000    0.000000

     MATERIAL  4
    GROUP   TRANSPORT  DIFFUSION  ABSORPTION  REMOVAL    NU*FISS    KAP*FIS   FISS. SPCTR
       1     0.222117  1.500711   0.008718    0.026968   0.004983   0.000000  1.000000
       2     0.803140  0.415038   0.065255    0.065255   0.083903   0.000000  0.000000
   --SCATTERING MATRIX--
     G/G'          1          2
      1        0.000000    0.018250
      2        0.000000    0.000000

     MATERIAL  5
    GROUP   TRANSPORT  DIFFUSION  ABSORPTION  REMOVAL    NU*FISS    KAP*FIS   FISS. SPCTR
       1     0.221914  1.502083   0.009061    0.027065   0.005577   0.000000  1.000000
       2     0.795538  0.419004   0.072335    0.072335   0.099863   0.000000  0.000000
   --SCATTERING MATRIX--
     G/G'          1          2
      1        0.000000    0.018004
      2        0.000000    0.000000

     MATERIAL  6
    GROUP   TRANSPORT  DIFFUSION  ABSORPTION  REMOVAL    NU*FISS    KAP*FIS   FISS. SPCTR
       1     0.221715  1.503432   0.009385    0.027152   0.006150   0.000000  1.000000
       2     0.789253  0.422340   0.078920    0.078920   0.114667   0.000000  0.000000
   --SCATTERING MATRIX--
     G/G'          1          2
      1        0.000000    0.017767
      2        0.000000    0.000000

     MATERIAL  7
    GROUP   TRANSPORT  DIFFUSION  ABSORPTION  REMOVAL    NU*FISS    KAP*FIS   FISS. SPCTR
       1     0.222039  1.501238   0.009317    0.026455   0.005550   0.000000  1.000000
       2     0.776230  0.429426   0.079633    0.079633   0.098558   0.000000  0.000000
   --SCATTERING MATRIX--
     G/G'          1          2
      1        0.000000    0.017138
      2        0.000000    0.000000

     MATERIAL  8
    GROUP   TRANSPORT  DIFFUSION  ABSORPTION  REMOVAL    NU*FISS    KAP*FIS   FISS. SPCTR
       1     0.222083  1.500940   0.009400    0.026250   0.005541   0.000000  1.000000
       2     0.769969  0.432918   0.082109    0.082109   0.098006   0.000000  0.000000
   --SCATTERING MATRIX--
     G/G'          1          2
      1        0.000000    0.016850
      2        0.000000    0.000000

     MATERIAL  9
    GROUP   TRANSPORT  DIFFUSION  ABSORPTION  REMOVAL    NU*FISS    KAP*FIS   FISS. SPCTR
       1     0.222127  1.500643   0.009483    0.026045   0.005531   0.000000  1.000000
       2     0.763813  0.436407   0.084591    0.084591   0.097411   0.000000  0.000000
   --SCATTERING MATRIX--
     G/G'          1          2
      1        0.000000    0.016563
      2        0.000000    0.000000

     MATERIAL 10
    GROUP   TRANSPORT  DIFFUSION  ABSORPTION  REMOVAL    NU*FISS    KAP*FIS   FISS. SPCTR
       1     0.221836  1.502612   0.009637    0.026542   0.006124   0.000000  1.000000
       2     0.770705  0.432504   0.086119    0.086119   0.113241   0.000000  0.000000
   --SCATTERING MATRIX--
     G/G'          1          2
      1        0.000000    0.016904
      2        0.000000    0.000000

     MATERIAL 11
    GROUP   TRANSPORT  DIFFUSION  ABSORPTION  REMOVAL    NU*FISS    KAP*FIS   FISS. SPCTR
       1     0.221878  1.502327   0.009719    0.026337   0.006114   0.000000  1.000000
       2     0.764704  0.435899   0.088549    0.088549   0.112635   0.000000  0.000000
   --SCATTERING MATRIX--
     G/G'          1          2
      1        0.000000    0.016618
      2        0.000000    0.000000

  ...Macroscopic CX Card is successfully read...


            >>>>>READING CORE GEOMETRY<<<<<
            -------------------------------
  Number of assembly in x, y and z directions respectively :
           9           9          18
  Number of nodes in x, y and z directions respectively :
          17          17          18

  x-directed nodes division (delta-x)
    10.80  10.80  10.80  10.80  10.80  10.80  10.80  10.80  10.80  10.80
    10.80  10.80  10.80  10.80  10.80  10.80  10.80
  y-directed nodes division (delta-y)
    10.80  10.80  10.80  10.80  10.80  10.80  10.80  10.80  10.80  10.80
    10.80  10.80  10.80  10.80  10.80  10.80  10.80

   Material Map for Planar Region :  1
        1  2  3  4  5  6  7  8  9 10 11 12 13 14 15 16 17
    17  1  1  1  1  1  1  1  1  1  1  1  1  1  1  1  2  2 
    16  1  1  1  1  1  1  1  1  1  1  1  1  1  1  1  2  2 
    15  1  1  1  1  1  1  1  1  1  1  1  1  1  1  1  2  2 
    14  1  1  1  1  1  1  1  1  1  1  1  1  1  3  3  2  2 
    13  1  1  1  1  1  1  1  1  1  1  1  1  1  3  3  2  2 
    12  1  1  1  1  1  1  1  1  1  1  1  1  1  2  2       
    11  1  1  1  1  1  1  1  1  1  1  1  1  1  2  2       
    10  1  1  1  1  1  1  1  1  1  1  1  3  3  2  2       
     9  1  1  1  1  1  1  1  1  1  1  1  3  3  2  2       
     8  1  1  1  1  1  1  1  1  1  3  3  2  2             
     7  1  1  1  1  1  1  1  1  1  3  3  2  2             
     6  1  1  1  1  1  1  1  3  3  2  2                   
     5  1  1  1  1  1  1  1  3  3  2  2                   
     4  1  1  1  3  3  2  2  2  2                         
     3  1  1  1  3  3  2  2  2  2                         
     2  2  2  2  2  2                                     
     1  2  2  2  2  2                                     
   Material Map for Planar Region :  2
        1  2  3  4  5  6  7  8  9 10 11 12 13 14 15 16 17
    17  4  5  5  4  4  5  5  4  4  5  5  4  4  6  6  2  2 
    16  5  4  4  5  5  4  4  5  5  4  4  6  6  6  6  2  2 
    15  5  4  4  5  5  4  4  5  5  4  4  6  6  6  6  2  2 
    14  4  5  5  4  4  5  5  4  4  5  5  6  6  3  3  2  2 
    13  4  5  5  4  4  5  5  4  4  5  5  6  6  3  3  2  2 
    12  5  4  4  5  5  4  4  5  5  6  6  6  6  2  2       
    11  5  4  4  5  5  4  4  5  5  6  6  6  6  2  2       
    10  4  5  5  4  4  5  5  4  4  6  6  3  3  2  2       
     9  4  5  5  4  4  5  5  4  4  6  6  3  3  2  2       
     8  5  4  4  5  5  6  6  6  6  3  3  2  2             
     7  5  4  4  5  5  6  6  6  6  3  3  2  2             
     6  4  6  6  6  6  6  6  3  3  2  2                   
     5  4  6  6  6  6  6  6  3  3  2  2                   
     4  6  6  6  3  3  2  2  2  2                         
     3  6  6  6  3  3  2  2  2  2                         
     2  2  2  2  2  2                                     
     1  2  2  2  2  2                                     
   Material Map for Planar Region :  3
        1  2  3  4  5  6  7  8  9 10 11 12 13 14 15 16 17
    17  4  9  9  4  4  9  9  4  4  7  7  4  4  6  6  2  2 
    16  9  4  4  8  8  4  4  8  8  4  4  11 11 6  6  2  2 
    15  9  4  4  8  8  4  4  8  8  4  4  11 11 6  6  2  2 
    14  4  8  8  4  4  8  8  4  4  8  8  6  6  3  3  2  2 
    13  4  8  8  4  4  8  8  4  4  8  8  6  6  3  3  2  2 
    12  9  4  4  8  8  4  4  8  8  10 10 6  6  2  2       
    11  9  4  4  8  8  4  4  8  8  10 10 6  6  2  2       
    10  4  8  8  4  4  8  8  4  4  6  6  3  3  2  2       
     9  4  8  8  4  4  8  8  4  4  6  6  3  3  2  2       
     8  7  4  4  8  8  10 10 6  6  3  3  2  2             
     7  7  4  4  8  8  10 10 6  6  3  3  2  2             
     6  4  11 11 6  6  6  6  3  3  2  2                   
     5  4  11 11 6  6  6  6  3  3  2  2                   
     4  6  6  6  3  3  2  2  2  2                         
     3  6  6  6  3  3  2  2  2  2                         
     2  2  2  2  2  2                                     
     1  2  2  2  2  2                                     

  Planar Region Assignment to planes.
 --------------------------------------
   Plane Number     Planar Region    delta-z
       18 (TOP)            1          30.00
       17                  3           8.00
       16                  3          12.80
       15                  3          12.80
       14                  3          30.00
       13                  3          30.00
       12                  3          30.00
       11                  3          30.00
       10                  3          30.00
        9                  3          30.00
        8                  3          30.00
        7                  3          30.00
        6                  3          30.00
        5                  3          30.00
        4                  3          15.00
        3                  3          11.00
        2                  2           7.70
        1 (BOTTOM)         1          30.00

   Boundary conditions
  X-directed West   : REFLECTIVE
  X-directed East   : ZERO FLUX
  Y-directed North  : REFLECTIVE
  Y-directed South  : ZERO FLUX
  Z-directed Bottom : ZERO FLUX
  Z-directed Top    : ZERO FLUX

  ...Core geometry is successfully read...


            >>>> READING BORON CONCENTRATION FOR BC SEARCH <<<<
            --------------------------------------------------

  ...Critical Boron Search card is successfully read...


            >>>> READING CONTROL RODS INSERTION <<<<
            --------------------------------------------
  NUMBER OF CONTROL ROD BANK  :  7
  MAX. NUMBER OF STEPS        : 228
  FULLY INSERTED POSITION (cm): 37.7 (FROM BOTTOM OF THE CORE)
  STEP SIZE (cm)              :   1.5942
  INITIAL CONTROL ROD BANK POSITION (STEPS) : 
  (0 means fully inserted) 
    Bank  1  Bank  2  Bank  3  Bank  4  Bank  5  Bank  6  Bank  7
      0.0    228.0      0.0    228.0      0.0    228.0    228.0

  CONTROL ROD BANK MAP : 
  1  0  2  0  0  0  3  0  0
  0  4  0  0  0  6  0  0  0
  2  0  5  0  6  0  6  0  0
  0  0  0  4  0  0  0  0  0
  0  0  6  0  7  0  0  0  0
  0  6  0  0  0  0  0  0  0
  3  0  6  0  0  0  0  0  0
  0  0  0  0  0  0  0  0  0
  0  0  0  0  0  0  0  0  0

  MATERIAL CX INCREMENT OR DECREMENT DUE TO CR INSERTION : 
    MATERIAL  1
    GROUP   TRANSPORT  ABSORPTION      NU*FISS      FISSION
       1     0.003732    0.002478    -0.000103    -0.000000
       2    -0.021993    0.025587    -0.002823    -0.000000
   --SCATTERING MATRIX--
     G/G'        1        2
      1      0.000000 -0.003193
      2      0.000000  0.000000
    MATERIAL  2
    GROUP   TRANSPORT  ABSORPTION      NU*FISS      FISSION
       1     0.003732    0.002478    -0.000103    -0.000000
       2    -0.021993    0.025587    -0.002823    -0.000000
   --SCATTERING MATRIX--
     G/G'        1        2
      1      0.000000 -0.003193
      2      0.000000  0.000000
    MATERIAL  3
    GROUP   TRANSPORT  ABSORPTION      NU*FISS      FISSION
       1     0.003732    0.002478    -0.000103    -0.000000
       2    -0.021993    0.025587    -0.002823    -0.000000
   --SCATTERING MATRIX--
     G/G'        1        2
      1      0.000000 -0.003193
      2      0.000000  0.000000
    MATERIAL  4
    GROUP   TRANSPORT  ABSORPTION      NU*FISS      FISSION
       1     0.003732    0.002478    -0.000103    -0.000000
       2    -0.021993    0.025587    -0.002823    -0.000000
   --SCATTERING MATRIX--
     G/G'        1        2
      1      0.000000 -0.003193
      2      0.000000  0.000000
    MATERIAL  5
    GROUP   TRANSPORT  ABSORPTION      NU*FISS      FISSION
       1     0.003732    0.002478    -0.000103    -0.000000
       2    -0.021993    0.025587    -0.002823    -0.000000
   --SCATTERING MATRIX--
     G/G'        1        2
      1      0.000000 -0.003193
      2      0.000000  0.000000
    MATERIAL  6
    GROUP   TRANSPORT  ABSORPTION      NU*FISS      FISSION
       1     0.003741    0.002429    -0.000123    -0.000000
       2    -0.016750    0.025648    -0.003281    -0.000000
   --SCATTERING MATRIX--
     G/G'        1        2
      1      0.000000 -0.003142
      2      0.000000  0.000000
    MATERIAL  7
    GROUP   TRANSPORT  ABSORPTION      NU*FISS      FISSION
       1     0.003732    0.002478    -0.000103    -0.000000
       2    -0.021993    0.025587    -0.002823    -0.000000
   --SCATTERING MATRIX--
     G/G'        1        2
      1      0.000000 -0.003193
      2      0.000000  0.000000
    MATERIAL  8
    GROUP   TRANSPORT  ABSORPTION      NU*FISS      FISSION
       1     0.003732    0.002478    -0.000103    -0.000000
       2    -0.021993    0.025587    -0.002823    -0.000000
   --SCATTERING MATRIX--
     G/G'        1        2
      1      0.000000 -0.003193
      2      0.000000  0.000000
    MATERIAL  9
    GROUP   TRANSPORT  ABSORPTION      NU*FISS      FISSION
       1     0.003732    0.002478    -0.000103    -0.000000
       2    -0.021993    0.025587    -0.002823    -0.000000
   --SCATTERING MATRIX--
     G/G'        1        2
      1      0.000000 -0.003193
      2      0.000000  0.000000
    MATERIAL 10
    GROUP   TRANSPORT  ABSORPTION      NU*FISS      FISSION
       1     0.003732    0.002478    -0.000103    -0.000000
       2    -0.021993    0.025587    -0.002823    -0.000000
   --SCATTERING MATRIX--
     G/G'        1        2
      1      0.000000 -0.003193
      2      0.000000  0.000000
    MATERIAL 11
    GROUP   TRANSPORT  ABSORPTION      NU*FISS      FISSION
       1     0.003732    0.002478    -0.000103    -0.000000
       2    -0.021993    0.025587    -0.002823    -0.000000
   --SCATTERING MATRIX--
     G/G'        1        2
      1      0.000000 -0.003193
      2      0.000000  0.000000

  ...Control Rods Insertion card is successfully read...


            >>>>>READING ITERATION CONTROL<<<<<
            ------------------------------------
  MAXIMUM NUMBER OF OUTER ITERATION                     :   500
  MAXIMUM NUMBER OF INNER ITERATION                     :     2
  FISSION SOURCE ERROR CRITERIA                     :    1.000E-05
  FLUX ERROR CRITERIA                               :    1.000E-05
  OUTER ITERATION FISSION SOURCE EXTRAPOLATION INTERVAL :     5
  NODAL UPDATE INTERVAL                                 :    20
  MAX. NUMBER OF T-H ITERATION                          :    20
  MAX. NUMBER OF OUTER ITERATION PER T-H ITERATION      :    40


            >>>>   READING THERMAL-HYDRAULIC DATA   <<<<
            --------------------------------------------
  REACTOR PERCENT POWER (%)                :      0.00010
  REACTOR POWER (Watt)                     :   6.9375E+08
  COOLANT INLET TEMPERATURE (Kelvin)       :   5.5915E+02
  FUEL ASSEMBLY MASS FLOW RATE (Kg/s)      :   8.2121E+01
  FUEL MEAT RADIUS (m)                     :   4.1195E-03
  GAP THICKNESS (m)                        :   6.8000E-05
  CLAD THICKNESS (m)                       :   5.7100E-04
  PIN PITCH(m)                             :   1.2655E-02
  FRACTION OF HEAT DEPOSITED IN COOL.      :   1.9000E-02

  ...Thermal-hydraulic Card is successfully read...


            >>>>      READING FUEL TEMPERATURE      <<<<
            --------------------------------------------

  ...Fuel Temperature is card successfully read...


            >>>>   READING MODERATOR TEMPERATURE    <<<<
            --------------------------------------------

  ...Moderator Temperature Card is successfully read...


            >>>>       READING COOLANT DENSITY      <<<<
            --------------------------------------------

  ...Coolant Density Card is successfully read...


  ************************  STOP READING INPUT  ********************************


 =========================================================================
                   CRITICAL BORON CONCENTRATION SEARCH
 =========================================================================

Itr  Boron Conc.   K-eff     Flux Err.    Fiss. Src. Err.  Fuel Temp. Error.
 -----------------------------------------------------------------------
  1  1200.20       1.00449   4.48881E-04  2.41999E-05      5.47944E-05
  2  1205.58       1.00397   4.01915E-06  8.36170E-06      8.54836E-07
  3  1247.38       1.00000   3.09787E-06  5.21928E-06      1.85161E-07


     Radial Power Distribution
   ==============================
           1       2       3       4       5       6       7       8       9
     9   0.419   0.744   1.003   1.115   1.295   1.157   0.502   0.573        
     8   0.744   0.847   0.909   1.151   1.283   1.215   0.931   0.516        
     7   1.003   0.909   0.563   1.088   1.311   1.230   1.099                
     6   1.115   1.151   1.088   1.237   1.263   1.264   0.812                
     5   1.295   1.283   1.311   1.263   1.171   0.921                        
     4   1.157   1.215   1.230   1.264   0.921                                
     3   0.502   0.931   1.099   0.812                                        
     2   0.573   0.516                                                        
     1                                                                        

   MAX POS.       Maximum Value
  (  5,  3)          1.311


     Axial Power Density Distribution
   ====================================

     Plane Number        Power      Height
    -----------------------------------------
        18  (TOP)        0.000      427.30
        17               0.147      397.30
        16               0.291      389.30
        15               0.484      376.50
        14               0.792      363.70
        13               1.181      333.70
        12               1.498      303.70
        11               1.721      273.70
        10               1.838      243.70
         9               1.840      213.70
         8               1.729      183.70
         7               1.510      153.70
         6               1.198      123.70
         5               0.811       93.70
         4               0.488       63.70
         3               0.293       48.70
         2               0.180       37.70
         1  (BOTTOM)     0.000       30.00

   MAX POS.       Maximum Value
    (  9)             1.840


     Radial Flux Distribution [neutrons/(cm2.second)]
   =======================================================
             1          2          3          4          5          6          7          8          9
     9   1.367E+10  1.822E+10  2.339E+10  2.697E+10  3.011E+10  2.655E+10  1.634E+10  1.164E+10            
         2.558E+09  3.936E+09  6.389E+09  5.918E+09  8.257E+09  6.142E+09  3.067E+09  2.627E+09            

     8   1.822E+10  1.978E+10  2.158E+10  2.683E+10  3.006E+10  2.833E+10  2.094E+10  1.061E+10            
         3.936E+09  5.396E+09  4.815E+09  7.338E+09  6.822E+09  7.743E+09  4.243E+09  2.360E+09            

     7   2.339E+10  2.158E+10  1.826E+10  2.580E+10  3.051E+10  2.940E+10  2.231E+10                       
         6.389E+09  4.815E+09  3.446E+09  5.767E+09  8.358E+09  6.507E+09  5.035E+09                       

     6   2.697E+10  2.683E+10  2.580E+10  2.878E+10  2.995E+10  2.777E+10  1.661E+10                       
         5.918E+09  7.338E+09  5.767E+09  7.884E+09  6.695E+09  5.762E+09  3.719E+09                       

     5   3.011E+10  3.006E+10  3.051E+10  2.995E+10  2.718E+10  1.865E+10                                  
         8.257E+09  6.822E+09  8.358E+09  6.695E+09  7.469E+09  4.223E+09                                  

     4   2.655E+10  2.833E+10  2.940E+10  2.777E+10  1.865E+10                                             
         6.142E+09  7.743E+09  6.507E+09  5.762E+09  4.223E+09                                             

     3   1.634E+10  2.094E+10  2.231E+10  1.661E+10                                                        
         3.067E+09  4.243E+09  5.035E+09  3.719E+09                                                        

     2   1.164E+10  1.061E+10                                                                              
         2.627E+09  2.360E+09                                                                              

     1                                                                                                     
                                                                                                           



  AVERAGE FUEL TEMPERATURE        :   559.2 K (  286.0 C)
  MAX FUEL CENTERLINE TEMPERATURE :   559.2 K (  286.0 C)
  AVERAGE MODERATOR TEMPERATURE   :   559.2 K (  286.0 C)
  MAXIMUM MODERATOR TEMPERATURE   :   559.2 K (  286.0 C)
  OUTLET MODERATOR TEMPERATURE    :   559.2 K (  286.0 C)
  AVERAGE MODERATOR DENSITY       :   753.4 kg/m3 (  0.753 g/cc)
  OUTLET MODERATOR DENSITY        :   753.4 kg/m3 (  0.753 g/cc)


  CPU time breakdown in seconds
    Input reading time   :    0.0469  ( 4.6%)
    XSEC processing time :    0.0312  ( 3.1%)
    CMFD time            :    0.7031  (69.2%)
    Nodal update time    :    0.2188  (21.5%)
    T-H time             :    0.0156  ( 1.5%)
    ------------------------------------------
    Total time           :    1.0156
